0 info it worked if it ends with ok
1 verbose cli [ '/home/elvanja/bin/.nodenv/versions/4.2.2/bin/node',
1 verbose cli   '/home/elvanja/.nodenv/versions/4.2.2/bin/npm',
1 verbose cli   'start' ]
2 info using npm@3.7.3
3 info using node@v4.2.2
4 verbose run-script [ 'prestart', 'start', 'poststart' ]
5 info lifecycle treasure_hunt@0.0.0~prestart: treasure_hunt@0.0.0
6 silly lifecycle treasure_hunt@0.0.0~prestart: no script for prestart, continuing
7 info lifecycle treasure_hunt@0.0.0~start: treasure_hunt@0.0.0
8 verbose lifecycle treasure_hunt@0.0.0~start: unsafe-perm in lifecycle true
9 verbose lifecycle treasure_hunt@0.0.0~start: PATH: /home/elvanja/bin/.nodenv/versions/4.2.2/lib/node_modules/npm/bin/node-gyp-bin:/home/elvanja/infobip/projects/treasure_hunt/node_modules/.bin:/home/elvanja/bin/.nodenv/versions/4.2.2/bin:/home/elvanja/.nodenv/versions/4.2.2/bin:/home/elvanja/.nodenv/libexec:/home/elvanja/.nodenv/plugins/nodenv-update/bin:/home/elvanja/.nodenv/plugins/node-build/bin:/home/elvanja/.gvm/vertx/current/bin:/home/elvanja/.gvm/springboot/current/bin:/home/elvanja/.gvm/lazybones/current/bin:/home/elvanja/.gvm/jbake/current/bin:/home/elvanja/.gvm/groovyserv/current/bin:/home/elvanja/.gvm/groovy/current/bin:/home/elvanja/.gvm/griffon/current/bin:/home/elvanja/.gvm/grails/current/bin:/home/elvanja/.gvm/gradle/current/bin:/home/elvanja/.gvm/glide/current/bin:/home/elvanja/.gvm/gaiden/current/bin:/home/elvanja/.gvm/crash/current/bin:/home/elvanja/.gvm/asciidoctorj/current/bin:/home/elvanja/.exenv/shims:/home/elvanja/.exenv/bin:/home/elvanja/.nodenv/shims:/home/elvanja/.nodenv/bin:/usr/local/heroku/bin:./bin:/home/elvanja/.rbenv/shims:/home/elvanja/bin:/usr/local/sbin:/usr/local/bin:/usr/sbin:/usr/bin:/sbin:/bin:/usr/games:/usr/local/games:/snap/bin:/home/elvanja/bin/vuescan:/home/elvanja/bin/gsutil:/home/elvanja/bin/java/bin:/home/elvanja/bin/idea/bin:/home/elvanja/bin/maven/bin:/home/elvanja/bin/gradle/bin:/home/elvanja/bin/appengine-java-sdk/bin:/home/elvanja/.rbenv/bin:/home/elvanja/bin/git-scripts:/home/elvanja/bin/clustergit:/home/elvanja/bin/git-plus:/home/elvanja/bin/fzf/bin
10 verbose lifecycle treasure_hunt@0.0.0~start: CWD: /home/elvanja/infobip/projects/treasure_hunt
11 silly lifecycle treasure_hunt@0.0.0~start: Args: [ '-c', 'node ./bin/www' ]
12 silly lifecycle treasure_hunt@0.0.0~start: Returned: code: 1  signal: null
13 info lifecycle treasure_hunt@0.0.0~start: Failed to exec start script
14 verbose stack Error: treasure_hunt@0.0.0 start: `node ./bin/www`
14 verbose stack Exit status 1
14 verbose stack     at EventEmitter.<anonymous> (/home/elvanja/bin/.nodenv/versions/4.2.2/lib/node_modules/npm/lib/utils/lifecycle.js:239:16)
14 verbose stack     at emitTwo (events.js:87:13)
14 verbose stack     at EventEmitter.emit (events.js:172:7)
14 verbose stack     at ChildProcess.<anonymous> (/home/elvanja/bin/.nodenv/versions/4.2.2/lib/node_modules/npm/lib/utils/spawn.js:24:14)
14 verbose stack     at emitTwo (events.js:87:13)
14 verbose stack     at ChildProcess.emit (events.js:172:7)
14 verbose stack     at maybeClose (internal/child_process.js:818:16)
14 verbose stack     at Process.ChildProcess._handle.onexit (internal/child_process.js:211:5)
15 verbose pkgid treasure_hunt@0.0.0
16 verbose cwd /home/elvanja/infobip/projects/treasure_hunt
17 error Linux 4.4.0-22-generic
18 error argv "/home/elvanja/bin/.nodenv/versions/4.2.2/bin/node" "/home/elvanja/.nodenv/versions/4.2.2/bin/npm" "start"
19 error node v4.2.2
20 error npm  v3.7.3
21 error code ELIFECYCLE
22 error treasure_hunt@0.0.0 start: `node ./bin/www`
22 error Exit status 1
23 error Failed at the treasure_hunt@0.0.0 start script 'node ./bin/www'.
23 error Make sure you have the latest version of node.js and npm installed.
23 error If you do, this is most likely a problem with the treasure_hunt package,
23 error not with npm itself.
23 error Tell the author that this fails on your system:
23 error     node ./bin/www
23 error You can get information on how to open an issue for this project with:
23 error     npm bugs treasure_hunt
23 error Or if that isn't available, you can get their info via:
23 error     npm owner ls treasure_hunt
23 error There is likely additional logging output above.
24 verbose exit [ 1, true ]
